This is pdfTeX, Version 3.141592653-2.6-1.40.27 (MiKTeX 25.4) (preloaded format=pdflatex 2025.8.29)  12 SEP 2025 20:18
entering extended mode
 restricted \write18 enabled.
 file:line:error style messages enabled.
 %&-line parsing enabled.
**c:/Users/death/Documents/Maestria/MCIA/Semestre_2/Metaheuristica/Reportes/Alg_Gen/main.tex
(c:/Users/death/Documents/Maestria/MCIA/Semestre_2/Metaheuristica/Reportes/Alg_Gen/main.tex
LaTeX2e <2025-06-01> patch level 1
L3 programming layer <2025-07-20>
(C:\Users\death\AppData\Local\Programs\MiKTeX\tex/latex/base\article.cls
Document Class: article 2025/01/22 v1.4n Standard LaTeX document class
(C:\Users\death\AppData\Local\Programs\MiKTeX\tex/latex/base\size12.clo
File: size12.clo 2025/01/22 v1.4n Standard LaTeX file (size option)
)
\c@part=\count275
\c@section=\count276
\c@subsection=\count277
\c@subsubsection=\count278
\c@paragraph=\count279
\c@subparagraph=\count280
\c@figure=\count281
\c@table=\count282
\abovecaptionskip=\skip49
\belowcaptionskip=\skip50
\bibindent=\dimen148
) (C:\Users\death\AppData\Local\Programs\MiKTeX\tex/latex/graphics\graphicx.sty
Package: graphicx 2024/12/31 v1.2e Enhanced LaTeX Graphics (DPC,SPQR)
 (C:\Users\death\AppData\Local\Programs\MiKTeX\tex/latex/graphics\keyval.sty
Package: keyval 2022/05/29 v1.15 key=value parser (DPC)
\KV@toks@=\toks17
) (C:\Users\death\AppData\Local\Programs\MiKTeX\tex/latex/graphics\graphics.sty
Package: graphics 2024/08/06 v1.4g Standard LaTeX Graphics (DPC,SPQR)
 (C:\Users\death\AppData\Local\Programs\MiKTeX\tex/latex/graphics\trig.sty
Package: trig 2023/12/02 v1.11 sin cos tan (DPC)
) (C:\Users\death\AppData\Local\Programs\MiKTeX\tex/latex/graphics-cfg\graphics.cfg
File: graphics.cfg 2016/06/04 v1.11 sample graphics configuration
)
Package graphics Info: Driver file: pdftex.def on input line 106.
 (C:\Users\death\AppData\Local\Programs\MiKTeX\tex/latex/graphics-def\pdftex.def
File: pdftex.def 2024/04/13 v1.2c Graphics/color driver for pdftex
))
\Gin@req@height=\dimen149
\Gin@req@width=\dimen150
) (C:\Users\death\AppData\Local\Programs\MiKTeX\tex/latex/base\inputenc.sty
Package: inputenc 2024/02/08 v1.3d Input encoding file
\inpenc@prehook=\toks18
\inpenc@posthook=\toks19
) (C:\Users\death\AppData\Local\Programs\MiKTeX\tex/latex/caption\subcaption.sty
Package: subcaption 2023/07/28 v1.6b Sub-captions (AR)
 (C:\Users\death\AppData\Local\Programs\MiKTeX\tex/latex/caption\caption.sty
Package: caption 2023/08/05 v3.6o Customizing captions (AR)
 (C:\Users\death\AppData\Local\Programs\MiKTeX\tex/latex/caption\caption3.sty
Package: caption3 2023/07/31 v2.4d caption3 kernel (AR)
\caption@tempdima=\dimen151
\captionmargin=\dimen152
\caption@leftmargin=\dimen153
\caption@rightmargin=\dimen154
\caption@width=\dimen155
\caption@indent=\dimen156
\caption@parindent=\dimen157
\caption@hangindent=\dimen158
Package caption Info: Standard document class detected.
)
\c@caption@flags=\count283
\c@continuedfloat=\count284
)
Package caption Info: New subtype `subfigure' on input line 238.
\c@subfigure=\count285
Package caption Info: New subtype `subtable' on input line 238.
\c@subtable=\count286
) (C:\Users\death\AppData\Local\Programs\MiKTeX\tex/latex/amsmath\amsmath.sty
Package: amsmath 2025/06/16 v2.17y AMS math features
\@mathmargin=\skip51

For additional information on amsmath, use the `?' option.
(C:\Users\death\AppData\Local\Programs\MiKTeX\tex/latex/amsmath\amstext.sty
Package: amstext 2024/11/17 v2.01 AMS text
 (C:\Users\death\AppData\Local\Programs\MiKTeX\tex/latex/amsmath\amsgen.sty
File: amsgen.sty 1999/11/30 v2.0 generic functions
\@emptytoks=\toks20
\ex@=\dimen159
)) (C:\Users\death\AppData\Local\Programs\MiKTeX\tex/latex/amsmath\amsbsy.sty
Package: amsbsy 1999/11/29 v1.2d Bold Symbols
\pmbraise@=\dimen160
) (C:\Users\death\AppData\Local\Programs\MiKTeX\tex/latex/amsmath\amsopn.sty
Package: amsopn 2022/04/08 v2.04 operator names
)
\inf@bad=\count287
LaTeX Info: Redefining \frac on input line 233.
\uproot@=\count288
\leftroot@=\count289
LaTeX Info: Redefining \overline on input line 398.
LaTeX Info: Redefining \colon on input line 409.
\classnum@=\count290
\DOTSCASE@=\count291
LaTeX Info: Redefining \ldots on input line 495.
LaTeX Info: Redefining \dots on input line 498.
LaTeX Info: Redefining \cdots on input line 619.
\Mathstrutbox@=\box53
\strutbox@=\box54
LaTeX Info: Redefining \big on input line 721.
LaTeX Info: Redefining \Big on input line 722.
LaTeX Info: Redefining \bigg on input line 723.
LaTeX Info: Redefining \Bigg on input line 724.
\big@size=\dimen161
LaTeX Font Info:    Redeclaring font encoding OML on input line 742.
LaTeX Font Info:    Redeclaring font encoding OMS on input line 743.
\macc@depth=\count292
LaTeX Info: Redefining \bmod on input line 904.
LaTeX Info: Redefining \pmod on input line 909.
LaTeX Info: Redefining \smash on input line 939.
LaTeX Info: Redefining \relbar on input line 969.
LaTeX Info: Redefining \Relbar on input line 970.
\c@MaxMatrixCols=\count293
\dotsspace@=\muskip17
\c@parentequation=\count294
\dspbrk@lvl=\count295
\tag@help=\toks21
\row@=\count296
\column@=\count297
\maxfields@=\count298
\andhelp@=\toks22
\eqnshift@=\dimen162
\alignsep@=\dimen163
\tagshift@=\dimen164
\tagwidth@=\dimen165
\totwidth@=\dimen166
\lineht@=\dimen167
\@envbody=\toks23
\multlinegap=\skip52
\multlinetaggap=\skip53
\mathdisplay@stack=\toks24
LaTeX Info: Redefining \[ on input line 2949.
LaTeX Info: Redefining \] on input line 2950.
) (C:\Users\death\AppData\Local\Programs\MiKTeX\tex/generic/babel\babel.sty
Package: babel 2025/08/03 v25.12 The multilingual framework for LuaLaTeX, pdfLaTeX and XeLaTeX
\babel@savecnt=\count299
LaTeX Encoding Info:    Redeclaring text command \ij (encoding OT1) on input line 2045.
LaTeX Encoding Info:    Redeclaring text command \IJ (encoding OT1) on input line 2047.
LaTeX Encoding Info:    Redeclaring text command \ij (encoding T1) on input line 2049.
LaTeX Encoding Info:    Redeclaring text command \IJ (encoding T1) on input line 2050.
LaTeX Encoding Info:    Ignoring declaration for text command \ij (encoding ?) on input line 2051.
LaTeX Encoding Info:    Ignoring declaration for text command \IJ (encoding ?) on input line 2053.
LaTeX Encoding Info:    Ignoring declaration for text command \SS (encoding ?) on input line 2078.
\U@D=\dimen168
\l@unhyphenated=\language79
 (C:\Users\death\AppData\Local\Programs\MiKTeX\tex/generic/babel\txtbabel.def)
\bbl@readstream=\read2
\bbl@dirlevel=\count300

*************************************
* Local config file bblopts.cfg used
*
(C:\Users\death\AppData\Local\Programs\MiKTeX\tex/latex/arabi\bblopts.cfg
File: bblopts.cfg 2005/09/08 v0.1 add Arabic and Farsi to "declared" options of babel
) (C:\Users\death\AppData\Local\Programs\MiKTeX\tex/latex/babel-spanish\spanish.ldf
Language: spanish.ldf 2021/05/27 v5.0q Spanish support from the babel system
 (C:\Users\death\AppData\Local\Programs\MiKTeX\tex/generic/babel/locale/es\babel-spanish.tex
Package babel Info: Importing font and identification data for spanish
(babel)             from babel-es.ini. Reported on input line 12.
)
\es@quottoks=\toks25
\es@quotdepth=\count301
Package babel Info: Making " an active character on input line 570.
Package babel Info: Making . an active character on input line 675.
Package babel Info: Making < an active character on input line 722.
Package babel Info: Making > an active character on input line 722.
))
LaTeX Encoding Info:    Redeclaring text command \guillemotleft (encoding OT1) on input line 8.
LaTeX Encoding Info:    Redeclaring text command \guillemotright (encoding OT1) on input line 8.
 (C:\Users\death\AppData\Local\Programs\MiKTeX\tex/latex/datetime2\datetime2.sty
Package: datetime2 2021/03/21 v1.5.7 (NLCT) date and time formats
 (C:\Users\death\AppData\Local\Programs\MiKTeX\tex/latex/tracklang\tracklang.sty
Package: tracklang 2025/03/11 v1.6.6 (NLCT) Track Languages
 (C:\Users\death\AppData\Local\Programs\MiKTeX\tex/generic/tracklang\tracklang.tex)
Package tracklang Info: Tracking dialect `spanish' (language `spanish') on input line 264.
Package tracklang Info: Tracking dialect `spanish' (language `spanish') on input line 264.
) (C:\Users\death\AppData\Local\Programs\MiKTeX\tex/latex/etoolbox\etoolbox.sty
Package: etoolbox 2025/02/11 v2.5l e-TeX tools for LaTeX (JAW)
\etb@tempcnta=\count302
) (C:\Users\death\AppData\Local\Programs\MiKTeX\tex/latex/xkeyval\xkeyval.sty
Package: xkeyval 2022/06/16 v2.9 package option processing (HA)
 (C:\Users\death\AppData\Local\Programs\MiKTeX\tex/generic/xkeyval\xkeyval.tex (C:\Users\death\AppData\Local\Programs\MiKTeX\tex/generic/xkeyval\xkvutils.tex
\XKV@toks=\toks26
\XKV@tempa@toks=\toks27
)
\XKV@depth=\count303
File: xkeyval.tex 2014/12/03 v2.7a key=value parser (HA)
)) (C:\Users\death\AppData\Local\Programs\MiKTeX\tex/latex/datetime2-spanish\datetime2-spanish.ldf
File: datetime2-spanish.ldf 2017/11/13 v1.1
 (C:\Users\death\AppData\Local\Programs\MiKTeX\tex/generic/iftex\ifxetex.sty
Package: ifxetex 2019/10/25 v0.7 ifxetex legacy package. Use iftex instead.
 (C:\Users\death\AppData\Local\Programs\MiKTeX\tex/generic/iftex\iftex.sty
Package: iftex 2024/12/12 v1.0g TeX engine tests
)) (C:\Users\death\AppData\Local\Programs\MiKTeX\tex/generic/iftex\ifluatex.sty
Package: ifluatex 2019/10/25 v1.5 ifluatex legacy package. Use iftex instead.
) (C:\Users\death\AppData\Local\Programs\MiKTeX\tex/latex/datetime2-spanish\datetime2-spanish-ascii.ldf
File: datetime2-spanish-ascii.ldf 2017/11/13 v1.1
))) (C:\Users\death\AppData\Local\Programs\MiKTeX\tex/latex/tools\multicol.sty
Package: multicol 2025/05/25 v2.0a multicolumn formatting (FMi)
\c@tracingmulticols=\count304
\mult@box=\box55
\multicol@leftmargin=\dimen169
\c@unbalance=\count305
\c@collectmore=\count306
\doublecol@number=\count307
\multicoltolerance=\count308
\multicolpretolerance=\count309
\full@width=\dimen170
\page@free=\dimen171
\premulticols=\dimen172
\postmulticols=\dimen173
\multicolsep=\skip54
\multicolbaselineskip=\skip55
\partial@page=\box56
\last@line=\box57
\mc@boxedresult=\box58
\maxbalancingoverflow=\dimen174
\mult@rightbox=\box59
\mult@grightbox=\box60
\mult@firstbox=\box61
\mult@gfirstbox=\box62
\@tempa=\box63
\@tempa=\box64
\@tempa=\box65
\@tempa=\box66
\@tempa=\box67
\@tempa=\box68
\@tempa=\box69
\@tempa=\box70
\@tempa=\box71
\@tempa=\box72
\@tempa=\box73
\@tempa=\box74
\@tempa=\box75
\@tempa=\box76
\@tempa=\box77
\@tempa=\box78
\@tempa=\box79
\@tempa=\box80
\@tempa=\box81
\@tempa=\box82
\@tempa=\box83
\@tempa=\box84
\@tempa=\box85
\@tempa=\box86
\@tempa=\box87
\@tempa=\box88
\@tempa=\box89
\@tempa=\box90
\@tempa=\box91
\@tempa=\box92
\@tempa=\box93
\@tempa=\box94
\@tempa=\box95
\@tempa=\box96
\@tempa=\box97
\@tempa=\box98
\c@minrows=\count310
\c@columnbadness=\count311
\c@finalcolumnbadness=\count312
\last@try=\dimen175
\multicolovershoot=\dimen176
\multicolundershoot=\dimen177
\mult@nat@firstbox=\box99
\colbreak@box=\box100
\mc@col@check@num=\count313
\g__mc_curr_col_int=\count314
) (C:\Users\death\AppData\Local\Programs\MiKTeX\tex/latex/float\float.sty
Package: float 2001/11/08 v1.3d Float enhancements (AL)
\c@float@type=\count315
\float@exts=\toks28
\float@box=\box101
\@float@everytoks=\toks29
\@floatcapt=\box102
) (C:\Users\death\AppData\Local\Programs\MiKTeX\tex/latex/geometry\geometry.sty
Package: geometry 2020/01/02 v5.9 Page Geometry
 (C:\Users\death\AppData\Local\Programs\MiKTeX\tex/generic/iftex\ifvtex.sty
Package: ifvtex 2019/10/25 v1.7 ifvtex legacy package. Use iftex instead.
)
\Gm@cnth=\count316
\Gm@cntv=\count317
\c@Gm@tempcnt=\count318
\Gm@bindingoffset=\dimen178
\Gm@wd@mp=\dimen179
\Gm@odd@mp=\dimen180
\Gm@even@mp=\dimen181
\Gm@layoutwidth=\dimen182
\Gm@layoutheight=\dimen183
\Gm@layouthoffset=\dimen184
\Gm@layoutvoffset=\dimen185
\Gm@dimlist=\toks30
 (C:\Users\death\AppData\Local\Programs\MiKTeX\tex/latex/geometry\geometry.cfg)) (C:\Users\death\AppData\Local\Programs\MiKTeX\tex/latex/url\url.sty
\Urlmuskip=\muskip18
Package: url 2013/09/16  ver 3.4  Verb mode for urls, etc.
) (C:\Users\death\AppData\Local\Programs\MiKTeX\tex/latex/csquotes\csquotes.sty
Package: csquotes 2024-04-04 v5.2o context-sensitive quotations (JAW)
\csq@reset=\count319
\csq@gtype=\count320
\csq@glevel=\count321
\csq@qlevel=\count322
\csq@maxlvl=\count323
\csq@tshold=\count324
\csq@ltx@everypar=\toks31
 (C:\Users\death\AppData\Local\Programs\MiKTeX\tex/latex/csquotes\csquotes.def
File: csquotes.def 2024-04-04 v5.2o csquotes generic definitions (JAW)
)
Package csquotes Info: Trying to load configuration file 'csquotes.cfg'...
Package csquotes Info: ... configuration file loaded successfully.
 (C:\Users\death\AppData\Local\Programs\MiKTeX\tex/latex/csquotes\csquotes.cfg
File: csquotes.cfg 
)) (C:\Users\death\AppData\Local\Programs\MiKTeX\tex/latex/biblatex\biblatex.sty
Package: biblatex 2025/07/10 v3.21 programmable bibliographies (PK/MW)
 (C:\Users\death\AppData\Local\Programs\MiKTeX\tex/generic/pdftexcmds\pdftexcmds.sty
Package: pdftexcmds 2020-06-27 v0.33 Utility functions of pdfTeX for LuaTeX (HO)
 (C:\Users\death\AppData\Local\Programs\MiKTeX\tex/generic/infwarerr\infwarerr.sty
Package: infwarerr 2019/12/03 v1.5 Providing info/warning/error messages (HO)
) (C:\Users\death\AppData\Local\Programs\MiKTeX\tex/generic/ltxcmds\ltxcmds.sty
Package: ltxcmds 2023-12-04 v1.26 LaTeX kernel commands for general use (HO)
)
Package pdftexcmds Info: \pdf@primitive is available.
Package pdftexcmds Info: \pdf@ifprimitive is available.
Package pdftexcmds Info: \pdfdraftmode found.
) (C:\Users\death\AppData\Local\Programs\MiKTeX\tex/latex/kvoptions\kvoptions.sty
Package: kvoptions 2022-06-15 v3.15 Key value format for package options (HO)
 (C:\Users\death\AppData\Local\Programs\MiKTeX\tex/latex/kvsetkeys\kvsetkeys.sty
Package: kvsetkeys 2022-10-05 v1.19 Key value parser (HO)
)) (C:\Users\death\AppData\Local\Programs\MiKTeX\tex/latex/logreq\logreq.sty
Package: logreq 2010/08/04 v1.0 xml request logger
\lrq@indent=\count325
 (C:\Users\death\AppData\Local\Programs\MiKTeX\tex/latex/logreq\logreq.def
File: logreq.def 2010/08/04 v1.0 logreq spec v1.0
)) (C:\Users\death\AppData\Local\Programs\MiKTeX\tex/latex/base\ifthen.sty
Package: ifthen 2024/03/16 v1.1e Standard LaTeX ifthen package (DPC)
)
\c@tabx@nest=\count326
\c@listtotal=\count327
\c@listcount=\count328
\c@liststart=\count329
\c@liststop=\count330
\c@citecount=\count331
\c@citetotal=\count332
\c@multicitecount=\count333
\c@multicitetotal=\count334
\c@instcount=\count335
\c@maxnames=\count336
\c@minnames=\count337
\c@maxitems=\count338
\c@minitems=\count339
\c@citecounter=\count340
\c@maxcitecounter=\count341
\c@savedcitecounter=\count342
\c@uniquelist=\count343
\c@uniquename=\count344
\c@refsection=\count345
\c@refsegment=\count346
\c@maxextratitle=\count347
\c@maxextratitleyear=\count348
\c@maxextraname=\count349
\c@maxextradate=\count350
\c@maxextraalpha=\count351
\c@abbrvpenalty=\count352
\c@highnamepenalty=\count353
\c@lownamepenalty=\count354
\c@maxparens=\count355
\c@parenlevel=\count356
\blx@tempcnta=\count357
\blx@tempcntb=\count358
\blx@tempcntc=\count359
\c@blx@maxsection=\count360
\blx@maxsegment@0=\count361
\blx@notetype=\count362
\blx@parenlevel@text=\count363
\blx@parenlevel@foot=\count364
\blx@sectionciteorder@0=\count365
\blx@sectionciteorderinternal@0=\count366
\blx@entrysetcounter=\count367
\blx@biblioinstance=\count368
\labelnumberwidth=\skip56
\labelalphawidth=\skip57
\biblabelsep=\skip58
\bibitemsep=\skip59
\bibnamesep=\skip60
\bibinitsep=\skip61
\bibparsep=\skip62
\bibhang=\skip63
\blx@bcfin=\read3
\blx@bcfout=\write3
\blx@langwohyphens=\language80
\c@mincomprange=\count369
\c@maxcomprange=\count370
\c@mincompwidth=\count371
Package biblatex Info: Trying to load biblatex default data model...
Package biblatex Info: ... file 'blx-dm.def' found.
 (C:\Users\death\AppData\Local\Programs\MiKTeX\tex/latex/biblatex\blx-dm.def
File: blx-dm.def 2025/07/10 v3.21 biblatex datamodel (PK/MW)
)
Package biblatex Info: Trying to load biblatex custom data model...
Package biblatex Info: ... file 'biblatex-dm.cfg' not found.
\c@afterword=\count372
\c@savedafterword=\count373
\c@annotator=\count374
\c@savedannotator=\count375
\c@author=\count376
\c@savedauthor=\count377
\c@bookauthor=\count378
\c@savedbookauthor=\count379
\c@commentator=\count380
\c@savedcommentator=\count381
\c@editor=\count382
\c@savededitor=\count383
\c@editora=\count384
\c@savededitora=\count385
\c@editorb=\count386
\c@savededitorb=\count387
\c@editorc=\count388
\c@savededitorc=\count389
\c@foreword=\count390
\c@savedforeword=\count391
\c@holder=\count392
\c@savedholder=\count393
\c@introduction=\count394
\c@savedintroduction=\count395
\c@namea=\count396
\c@savednamea=\count397
\c@nameb=\count398
\c@savednameb=\count399
\c@namec=\count400
\c@savednamec=\count401
\c@translator=\count402
\c@savedtranslator=\count403
\c@shortauthor=\count404
\c@savedshortauthor=\count405
\c@shorteditor=\count406
\c@savedshorteditor=\count407
\c@labelname=\count408
\c@savedlabelname=\count409
\c@institution=\count410
\c@savedinstitution=\count411
\c@lista=\count412
\c@savedlista=\count413
\c@listb=\count414
\c@savedlistb=\count415
\c@listc=\count416
\c@savedlistc=\count417
\c@listd=\count418
\c@savedlistd=\count419
\c@liste=\count420
\c@savedliste=\count421
\c@listf=\count422
\c@savedlistf=\count423
\c@location=\count424
\c@savedlocation=\count425
\c@organization=\count426
\c@savedorganization=\count427
\c@origlocation=\count428
\c@savedoriglocation=\count429
\c@origpublisher=\count430
\c@savedorigpublisher=\count431
\c@publisher=\count432
\c@savedpublisher=\count433
\c@language=\count434
\c@savedlanguage=\count435
\c@origlanguage=\count436
\c@savedoriglanguage=\count437
\c@pageref=\count438
\c@savedpageref=\count439
\shorthandwidth=\skip64
\shortjournalwidth=\skip65
\shortserieswidth=\skip66
\shorttitlewidth=\skip67
\shortauthorwidth=\skip68
\shorteditorwidth=\skip69
\locallabelnumberwidth=\skip70
\locallabelalphawidth=\skip71
\localshorthandwidth=\skip72
\localshortjournalwidth=\skip73
\localshortserieswidth=\skip74
\localshorttitlewidth=\skip75
\localshortauthorwidth=\skip76
\localshorteditorwidth=\skip77
Package biblatex Info: Trying to load compatibility code...
Package biblatex Info: ... file 'blx-compat.def' found.
 (C:\Users\death\AppData\Local\Programs\MiKTeX\tex/latex/biblatex\blx-compat.def
File: blx-compat.def 2025/07/10 v3.21 biblatex compatibility (PK/MW)
)
Package biblatex Info: Trying to load generic definitions...
Package biblatex Info: ... file 'biblatex.def' found.
 (C:\Users\death\AppData\Local\Programs\MiKTeX\tex/latex/biblatex\biblatex.def
File: biblatex.def 2025/07/10 v3.21 biblatex compatibility (PK/MW)
\c@textcitecount=\count440
\c@textcitetotal=\count441
\c@textcitemaxnames=\count442
\c@biburlbigbreakpenalty=\count443
\c@biburlbreakpenalty=\count444
\c@biburlnumpenalty=\count445
\c@biburlucpenalty=\count446
\c@biburllcpenalty=\count447
\biburlbigskip=\muskip19
\biburlnumskip=\muskip20
\biburlucskip=\muskip21
\biburllcskip=\muskip22
\c@smartand=\count448
)
Package biblatex Info: Trying to load bibliography style 'numeric'...
Package biblatex Info: ... file 'numeric.bbx' found.
 (C:\Users\death\AppData\Local\Programs\MiKTeX\tex/latex/biblatex/bbx\numeric.bbx
File: numeric.bbx 2025/07/10 v3.21 biblatex bibliography style (PK/MW)
Package biblatex Info: Trying to load bibliography style 'standard'...
Package biblatex Info: ... file 'standard.bbx' found.
 (C:\Users\death\AppData\Local\Programs\MiKTeX\tex/latex/biblatex/bbx\standard.bbx
File: standard.bbx 2025/07/10 v3.21 biblatex bibliography style (PK/MW)
\c@bbx:relatedcount=\count449
\c@bbx:relatedtotal=\count450
))
Package biblatex Info: Trying to load citation style 'numeric'...
Package biblatex Info: ... file 'numeric.cbx' found.
 (C:\Users\death\AppData\Local\Programs\MiKTeX\tex/latex/biblatex/cbx\numeric.cbx
File: numeric.cbx 2025/07/10 v3.21 biblatex citation style (PK/MW)
Package biblatex Info: Redefining '\cite'.
Package biblatex Info: Redefining '\parencite'.
Package biblatex Info: Redefining '\footcite'.
Package biblatex Info: Redefining '\footcitetext'.
Package biblatex Info: Redefining '\smartcite'.
Package biblatex Info: Redefining '\supercite'.
Package biblatex Info: Redefining '\textcite'.
Package biblatex Info: Redefining '\textcites'.
Package biblatex Info: Redefining '\cites'.
Package biblatex Info: Redefining '\parencites'.
Package biblatex Info: Redefining '\smartcites'.
)
Package biblatex Info: Trying to load configuration file...
Package biblatex Info: ... file 'biblatex.cfg' found.
 (C:\Users\death\AppData\Local\Programs\MiKTeX\tex/latex/biblatex\biblatex.cfg
File: biblatex.cfg 
)
Package biblatex Info: Input encoding 'utf8' detected.
Package biblatex Info: Document encoding is UTF8 ....
 (C:\Users\death\AppData\Local\Programs\MiKTeX\tex/latex/l3kernel\expl3.sty
Package: expl3 2025-07-20 L3 programming layer (loader) 
 (C:\Users\death\AppData\Local\Programs\MiKTeX\tex/latex/l3backend\l3backend-pdftex.def
File: l3backend-pdftex.def 2025-06-09 L3 backend support: PDF output (pdfTeX)
\l__color_backend_stack_int=\count451
))
Package biblatex Info: ... and expl3
(biblatex)             2025-07-20 L3 programming layer (loader) 
(biblatex)             is new enough (at least 2020/04/06),
(biblatex)             setting 'casechanger=expl3'.
 (C:\Users\death\AppData\Local\Programs\MiKTeX\tex/latex/biblatex\blx-case-expl3.sty (C:\Users\death\AppData\Local\Programs\MiKTeX\tex/latex/l3packages/xparse\xparse.sty
Package: xparse 2024-08-16 L3 Experimental document command parser
)
Package: blx-case-expl3 2025/07/10 v3.21 expl3 case changing code for biblatex
)) (C:\Users\death\AppData\Local\Programs\MiKTeX\tex/latex/siunitx\siunitx.sty
Package: siunitx 2025-07-09 v3.4.14 A comprehensive (SI) units package
\l__siunitx_number_uncert_offset_int=\count452
\l__siunitx_number_exponent_fixed_int=\count453
\l__siunitx_number_min_decimal_int=\count454
\l__siunitx_number_min_integer_int=\count455
\l__siunitx_number_round_precision_int=\count456
\l__siunitx_number_lower_threshold_int=\count457
\l__siunitx_number_upper_threshold_int=\count458
\l__siunitx_number_group_first_int=\count459
\l__siunitx_number_group_size_int=\count460
\l__siunitx_number_group_minimum_int=\count461
\l__siunitx_angle_tmp_dim=\dimen186
\l__siunitx_angle_marker_box=\box103
\l__siunitx_angle_unit_box=\box104
\l__siunitx_compound_count_int=\count462
 (C:\Users\death\AppData\Local\Programs\MiKTeX\tex/latex/translations\translations.sty
Package: translations 2022/02/05 v1.12 internationalization of LaTeX2e packages (CN)
)
\l__siunitx_table_tmp_box=\box105
\l__siunitx_table_tmp_dim=\dimen187
\l__siunitx_table_column_width_dim=\dimen188
\l__siunitx_table_integer_box=\box106
\l__siunitx_table_decimal_box=\box107
\l__siunitx_table_uncert_box=\box108
\l__siunitx_table_before_box=\box109
\l__siunitx_table_after_box=\box110
\l__siunitx_table_before_dim=\dimen189
\l__siunitx_table_carry_dim=\dimen190
\l__siunitx_unit_tmp_int=\count463
\l__siunitx_unit_position_int=\count464
\l__siunitx_unit_total_int=\count465
 (C:\Users\death\AppData\Local\Programs\MiKTeX\tex/latex/tools\array.sty
Package: array 2025/06/08 v2.6j Tabular extension package (FMi)
\col@sep=\dimen191
\ar@mcellbox=\box111
\extrarowheight=\dimen192
\NC@list=\toks32
\extratabsurround=\skip78
\backup@length=\skip79
\ar@cellbox=\box112
)) (C:\Users\death\AppData\Local\Programs\MiKTeX\tex/latex/booktabs\booktabs.sty
Package: booktabs 2020/01/12 v1.61803398 Publication quality tables
\heavyrulewidth=\dimen193
\lightrulewidth=\dimen194
\cmidrulewidth=\dimen195
\belowrulesep=\dimen196
\belowbottomsep=\dimen197
\aboverulesep=\dimen198
\abovetopsep=\dimen199
\cmidrulesep=\dimen256
\cmidrulekern=\dimen257
\defaultaddspace=\dimen258
\@cmidla=\count466
\@cmidlb=\count467
\@aboverulesep=\dimen259
\@belowrulesep=\dimen260
\@thisruleclass=\count468
\@lastruleclass=\count469
\@thisrulewidth=\dimen261
) (C:\Users\death\AppData\Local\Programs\MiKTeX\tex/latex/hyperref\hyperref.sty
Package: hyperref 2025-07-12 v7.01o Hypertext links for LaTeX
 (C:\Users\death\AppData\Local\Programs\MiKTeX\tex/generic/kvdefinekeys\kvdefinekeys.sty
Package: kvdefinekeys 2019-12-19 v1.6 Define keys (HO)
) (C:\Users\death\AppData\Local\Programs\MiKTeX\tex/generic/pdfescape\pdfescape.sty
Package: pdfescape 2019/12/09 v1.15 Implements pdfTeX's escape features (HO)
) (C:\Users\death\AppData\Local\Programs\MiKTeX\tex/latex/hycolor\hycolor.sty
Package: hycolor 2020-01-27 v1.10 Color options for hyperref/bookmark (HO)
) (C:\Users\death\AppData\Local\Programs\MiKTeX\tex/latex/hyperref\nameref.sty
Package: nameref 2025-06-21 v2.57 Cross-referencing by name of section
 (C:\Users\death\AppData\Local\Programs\MiKTeX\tex/latex/refcount\refcount.sty
Package: refcount 2019/12/15 v3.6 Data extraction from label references (HO)
) (C:\Users\death\AppData\Local\Programs\MiKTeX\tex/generic/gettitlestring\gettitlestring.sty
Package: gettitlestring 2019/12/15 v1.6 Cleanup title references (HO)
)
\c@section@level=\count470
) (C:\Users\death\AppData\Local\Programs\MiKTeX\tex/generic/stringenc\stringenc.sty
Package: stringenc 2019/11/29 v1.12 Convert strings between diff. encodings (HO)
)
\@linkdim=\dimen262
\Hy@linkcounter=\count471
\Hy@pagecounter=\count472
 (C:\Users\death\AppData\Local\Programs\MiKTeX\tex/latex/hyperref\pd1enc.def
File: pd1enc.def 2025-07-12 v7.01o Hyperref: PDFDocEncoding definition (HO)
Now handling font encoding PD1 ...
... no UTF-8 mapping file for font encoding PD1
) (C:\Users\death\AppData\Local\Programs\MiKTeX\tex/generic/intcalc\intcalc.sty
Package: intcalc 2019/12/15 v1.3 Expandable calculations with integers (HO)
)
\Hy@SavedSpaceFactor=\count473
 (C:\Users\death\AppData\Local\Programs\MiKTeX\tex/latex/hyperref\puenc.def
File: puenc.def 2025-07-12 v7.01o Hyperref: PDF Unicode definition (HO)
Now handling font encoding PU ...
... no UTF-8 mapping file for font encoding PU
)
Package hyperref Info: Hyper figures OFF on input line 4195.
Package hyperref Info: Link nesting OFF on input line 4200.
Package hyperref Info: Hyper index ON on input line 4203.
Package hyperref Info: Plain pages OFF on input line 4210.
Package hyperref Info: Backreferencing OFF on input line 4215.
Package hyperref Info: Implicit mode ON; LaTeX internals redefined.
Package hyperref Info: Bookmarks ON on input line 4462.
\c@Hy@tempcnt=\count474
LaTeX Info: Redefining \url on input line 4801.
\XeTeXLinkMargin=\dimen263
 (C:\Users\death\AppData\Local\Programs\MiKTeX\tex/generic/bitset\bitset.sty
Package: bitset 2019/12/09 v1.3 Handle bit-vector datatype (HO)
 (C:\Users\death\AppData\Local\Programs\MiKTeX\tex/generic/bigintcalc\bigintcalc.sty
Package: bigintcalc 2019/12/15 v1.5 Expandable calculations on big integers (HO)
))
\Fld@menulength=\count475
\Field@Width=\dimen264
\Fld@charsize=\dimen265
Package hyperref Info: Hyper figures OFF on input line 6078.
Package hyperref Info: Link nesting OFF on input line 6083.
Package hyperref Info: Hyper index ON on input line 6086.
Package hyperref Info: backreferencing OFF on input line 6093.
Package hyperref Info: Link coloring OFF on input line 6098.
Package hyperref Info: Link coloring with OCG OFF on input line 6103.
Package hyperref Info: PDF/A mode OFF on input line 6108.
\Hy@abspage=\count476
\c@Item=\count477
\c@Hfootnote=\count478
)
Package hyperref Info: Driver (autodetected): hpdftex.
 (C:\Users\death\AppData\Local\Programs\MiKTeX\tex/latex/hyperref\hpdftex.def
File: hpdftex.def 2025-07-12 v7.01o Hyperref driver for pdfTeX
\Fld@listcount=\count479
\c@bookmark@seq@number=\count480
 (C:\Users\death\AppData\Local\Programs\MiKTeX\tex/latex/rerunfilecheck\rerunfilecheck.sty
Package: rerunfilecheck 2025-06-21 v1.11 Rerun checks for auxiliary files (HO)
 (C:\Users\death\AppData\Local\Programs\MiKTeX\tex/generic/uniquecounter\uniquecounter.sty
Package: uniquecounter 2019/12/15 v1.4 Provide unlimited unique counter (HO)
)
Package uniquecounter Info: New unique counter `rerunfilecheck' on input line 284.
)
\Hy@SectionHShift=\skip80
) (C:\Users\death\AppData\Local\Programs\MiKTeX\tex/latex/xcolor\xcolor.sty
Package: xcolor 2024/09/29 v3.02 LaTeX color extensions (UK)
 (C:\Users\death\AppData\Local\Programs\MiKTeX\tex/latex/graphics-cfg\color.cfg
File: color.cfg 2016/01/02 v1.6 sample color configuration
)
Package xcolor Info: Driver file: pdftex.def on input line 274.
 (C:\Users\death\AppData\Local\Programs\MiKTeX\tex/latex/graphics\mathcolor.ltx)
Package xcolor Info: Model `cmy' substituted by `cmy0' on input line 1349.
Package xcolor Info: Model `hsb' substituted by `rgb' on input line 1353.
Package xcolor Info: Model `RGB' extended on input line 1365.
Package xcolor Info: Model `HTML' substituted by `rgb' on input line 1367.
Package xcolor Info: Model `Hsb' substituted by `hsb' on input line 1368.
Package xcolor Info: Model `tHsb' substituted by `hsb' on input line 1369.
Package xcolor Info: Model `HSB' substituted by `hsb' on input line 1370.
Package xcolor Info: Model `Gray' substituted by `gray' on input line 1371.
Package xcolor Info: Model `wave' substituted by `hsb' on input line 1372.
) (C:\Users\death\AppData\Local\Programs\MiKTeX\tex/latex/multirow\multirow.sty
Package: multirow 2024/11/12 v2.9 Span multiple rows of a table
\multirow@colwidth=\skip81
\multirow@cntb=\count481
\multirow@dima=\skip82
\bigstrutjot=\dimen266
) (C:\Users\death\AppData\Local\Programs\MiKTeX\tex/latex/amsfonts\amssymb.sty
Package: amssymb 2013/01/14 v3.01 AMS font symbols
 (C:\Users\death\AppData\Local\Programs\MiKTeX\tex/latex/amsfonts\amsfonts.sty
Package: amsfonts 2013/01/14 v3.01 Basic AMSFonts support
\symAMSa=\mathgroup4
\symAMSb=\mathgroup5
LaTeX Font Info:    Redeclaring math symbol \hbar on input line 98.
LaTeX Font Info:    Overwriting math alphabet `\mathfrak' in version `bold'
(Font)                  U/euf/m/n --> U/euf/b/n on input line 106.
)) (C:\Users\death\AppData\Local\Programs\MiKTeX\tex/latex/enumitem\enumitem.sty
Package: enumitem 2025/02/06 v3.11 Customized lists
\labelindent=\skip83
\enit@outerparindent=\dimen267
\enit@toks=\toks33
\enit@inbox=\box113
\enit@count@id=\count482
\enitdp@description=\count483
)
Package csquotes Info: Checking for multilingual support...
Package csquotes Info: ... found 'babel' package.
Package csquotes Info: Adjusting default style.
Package csquotes Info: Redefining alias 'default' -> 'spanish'.
 (c:\Users\death\Documents\Maestria\MCIA\Semestre_2\Metaheuristica\Reportes\Alg_Gen\build\main.aux
LaTeX Info: Redefining \. on input line 12.
LaTeX Info: Redefining \% on input line 12.
Package babel Info: 'spanish' activates 'spanish' shorthands.
(babel)             Reported on input line 12.
)
\openout1 = `main.aux'.

LaTeX Font Info:    Checking defaults for OML/cmm/m/it on input line 39.
LaTeX Font Info:    ... okay on input line 39.
LaTeX Font Info:    Checking defaults for OMS/cmsy/m/n on input line 39.
LaTeX Font Info:    ... okay on input line 39.
LaTeX Font Info:    Checking defaults for OT1/cmr/m/n on input line 39.
LaTeX Font Info:    ... okay on input line 39.
LaTeX Font Info:    Checking defaults for T1/cmr/m/n on input line 39.
LaTeX Font Info:    ... okay on input line 39.
LaTeX Font Info:    Checking defaults for TS1/cmr/m/n on input line 39.
LaTeX Font Info:    ... okay on input line 39.
LaTeX Font Info:    Checking defaults for OMX/cmex/m/n on input line 39.
LaTeX Font Info:    ... okay on input line 39.
LaTeX Font Info:    Checking defaults for U/cmr/m/n on input line 39.
LaTeX Font Info:    ... okay on input line 39.
LaTeX Font Info:    Checking defaults for PD1/pdf/m/n on input line 39.
LaTeX Font Info:    ... okay on input line 39.
LaTeX Font Info:    Checking defaults for PU/pdf/m/n on input line 39.
LaTeX Font Info:    ... okay on input line 39.
 (C:\Users\death\AppData\Local\Programs\MiKTeX\tex/context/base/mkii\supp-pdf.mkii
[Loading MPS to PDF converter (version 2006.09.02).]
\scratchcounter=\count484
\scratchdimen=\dimen268
\scratchbox=\box114
\nofMPsegments=\count485
\nofMParguments=\count486
\everyMPshowfont=\toks34
\MPscratchCnt=\count487
\MPscratchDim=\dimen269
\MPnumerator=\count488
\makeMPintoPDFobject=\count489
\everyMPtoPDFconversion=\toks35
) (C:\Users\death\AppData\Local\Programs\MiKTeX\tex/latex/epstopdf-pkg\epstopdf-base.sty
Package: epstopdf-base 2020-01-24 v2.11 Base part for package epstopdf
Package epstopdf-base Info: Redefining graphics rule for `.eps' on input line 485.
 (C:\Users\death\AppData\Local\Programs\MiKTeX\tex/latex/00miktex\epstopdf-sys.cfg
File: epstopdf-sys.cfg 2021/03/18 v2.0 Configuration of epstopdf for MiKTeX
))
Package caption Info: Begin \AtBeginDocument code.
Package caption Info: float package is loaded.
Package caption Info: hyperref package is loaded.
Package caption Info: End \AtBeginDocument code.
LaTeX Info: Redefining \. on input line 39.
LaTeX Info: Redefining \% on input line 39.

*geometry* driver: auto-detecting
*geometry* detected driver: pdftex
*geometry* verbose mode - [ preamble ] result:
* driver: pdftex
* paper: a4paper
* layout: <same size as paper>
* layoutoffset:(h,v)=(0.0pt,0.0pt)
* modes: 
* h-part:(L,W,R)=(56.9055pt, 483.69687pt, 56.9055pt)
* v-part:(T,H,B)=(85.35826pt, 674.33032pt, 85.35826pt)
* \paperwidth=597.50787pt
* \paperheight=845.04684pt
* \textwidth=483.69687pt
* \textheight=674.33032pt
* \oddsidemargin=-15.36449pt
* \evensidemargin=-15.36449pt
* \topmargin=-23.91173pt
* \headheight=12.0pt
* \headsep=25.0pt
* \topskip=12.0pt
* \footskip=30.0pt
* \marginparwidth=35.0pt
* \marginparsep=10.0pt
* \columnsep=10.0pt
* \skip\footins=10.8pt plus 4.0pt minus 2.0pt
* \hoffset=0.0pt
* \voffset=0.0pt
* \mag=1000
* \@twocolumnfalse
* \@twosidefalse
* \@mparswitchfalse
* \@reversemarginfalse
* (1in=72.27pt=25.4mm, 1cm=28.453pt)

Package biblatex Info: Trying to load language 'spanish'...
Package biblatex Info: ... file 'spanish.lbx' found.
(C:\Users\death\AppData\Local\Programs\MiKTeX\tex/latex/biblatex/lbx\spanish.lbx
File: spanish.lbx 2025/07/10 v3.21 biblatex localization (PK/MW)
)
Package biblatex Info: Input encoding 'utf8' detected.
Package biblatex Info: Automatic encoding selection.
(biblatex)             Assuming data encoding 'utf8'.
\openout3 = `main.bcf'.

Package biblatex Info: Trying to load bibliographic data...
Package biblatex Info: ... file 'main.bbl' found.
 (c:\Users\death\Documents\Maestria\MCIA\Semestre_2\Metaheuristica\Reportes\Alg_Gen\build\main.bbl)
Package biblatex Info: Reference section=0 on input line 39.
Package biblatex Info: Reference segment=0 on input line 39.
 (C:\Users\death\AppData\Local\Programs\MiKTeX\tex/latex/translations/dicts\translations-basic-dictionary-spanish.trsl
File: translations-basic-dictionary-spanish.trsl (spanish translation file `translations-basic-dictionary')
)
Package translations Info: loading dictionary `translations-basic-dictionary' for `spanish'. on input line 39.
Package hyperref Info: Link coloring OFF on input line 39.
 (c:\Users\death\Documents\Maestria\MCIA\Semestre_2\Metaheuristica\Reportes\Alg_Gen\build\main.out) (c:\Users\death\Documents\Maestria\MCIA\Semestre_2\Metaheuristica\Reportes\Alg_Gen\build\main.out)
\@outlinefile=\write4
\openout4 = `main.out'.

 (format/00_cover.tex
<rsc/format/uaq.png, id=71, 334.24875pt x 449.42906pt>
File: rsc/format/uaq.png Graphic file (type png)
<use rsc/format/uaq.png>
Package pdftex.def Info: rsc/format/uaq.png  used on input line 6.
(pdftex.def)             Requested size: 48.36894pt x 65.03181pt.
LaTeX Font Info:    Trying to load font information for U+msa on input line 7.
 (C:\Users\death\AppData\Local\Programs\MiKTeX\tex/latex/amsfonts\umsa.fd
File: umsa.fd 2013/01/14 v3.01 AMS symbols A
)
LaTeX Font Info:    Trying to load font information for U+msb on input line 7.
 (C:\Users\death\AppData\Local\Programs\MiKTeX\tex/latex/amsfonts\umsb.fd
File: umsb.fd 2013/01/14 v3.01 AMS symbols B
)
<rsc/format/fi.png, id=73, 551.05875pt x 222.07968pt>
File: rsc/format/fi.png Graphic file (type png)
<use rsc/format/fi.png>
Package pdftex.def Info: rsc/format/fi.png  used on input line 18.
(pdftex.def)             Requested size: 145.11053pt x 58.47807pt.


[1

{C:/Users/death/AppData/Local/MiKTeX/fonts/map/pdftex/pdftex.map} <./rsc/format/uaq.png> <./rsc/format/fi.png>]) (c:\Users\death\Documents\Maestria\MCIA\Semestre_2\Metaheuristica\Reportes\Alg_Gen\build\main.toc
LaTeX Info: Redefining \sptext on input line 1.
LaTeX Info: Redefining \. on input line 1.
LaTeX Info: Redefining \% on input line 1.
)
\tf@toc=\write5
\openout5 = `main.toc'.



[1] (format/01_Intro.tex
<C:/Users/death/Documents/Maestria/MCIA/Semestre_2/Metaheuristica/Reportes/Alg_Gen/rsc/img/genec.png, id=107, 384.2355pt x 168.63pt>
File: C:/Users/death/Documents/Maestria/MCIA/Semestre_2/Metaheuristica/Reportes/Alg_Gen/rsc/img/genec.png Graphic file (type png)
<use C:/Users/death/Documents/Maestria/MCIA/Semestre_2/Metaheuristica/Reportes/Alg_Gen/rsc/img/genec.png>
Package pdftex.def Info: C:/Users/death/Documents/Maestria/MCIA/Semestre_2/Metaheuristica/Reportes/Alg_Gen/rsc/img/genec.png  used on input line 27.
(pdftex.def)             Requested size: 241.84843pt x 106.13968pt.

Overfull \hbox (4.12384pt too wide) in paragraph at lines 39--41
[]\OT1/cmr/bx/n/12 Poblaci^^Son ini-cial: \OT1/cmr/m/n/12 Con-jun-to de in-di-vi-duos ge-ne-ra-dos alea-to-ria-men-te o a par-tir de heur^^S^^Psti-
 []




pdfTeX warning (ext4): destination with the same identifier (name{page.1}) has been already used, duplicate ignored
<to be read again> 
                   \relax 
l.44         \item \textbf
                          {Selección:} Proceso mediante el cual se eligen l... [1

 <C:/Users/death/Documents/Maestria/MCIA/Semestre_2/Metaheuristica/Reportes/Alg_Gen/rsc/img/genec.png>]
<C:/Users/death/Documents/Maestria/MCIA/Semestre_2/Metaheuristica/Reportes/Alg_Gen/rsc/img/Diagrama.png, id=114, 452.28975pt x 211.38976pt>
File: C:/Users/death/Documents/Maestria/MCIA/Semestre_2/Metaheuristica/Reportes/Alg_Gen/rsc/img/Diagrama.png Graphic file (type png)
<use C:/Users/death/Documents/Maestria/MCIA/Semestre_2/Metaheuristica/Reportes/Alg_Gen/rsc/img/Diagrama.png>
Package pdftex.def Info: C:/Users/death/Documents/Maestria/MCIA/Semestre_2/Metaheuristica/Reportes/Alg_Gen/rsc/img/Diagrama.png  used on input line 72.
(pdftex.def)             Requested size: 386.95897pt x 180.85622pt.


[2]
LaTeX Font Info:    Trying to load font information for OMS+cmr on input line 86.
 (C:\Users\death\AppData\Local\Programs\MiKTeX\tex/latex/base\omscmr.fd
File: omscmr.fd 2024/11/19 v2.5n Standard LaTeX font definitions
)
LaTeX Font Info:    Font shape `OMS/cmr/m/n' in size <12> not available
(Font)              Font shape `OMS/cmsy/m/n' tried instead on input line 86.
<C:/Users/death/Documents/Maestria/MCIA/Semestre_2/Metaheuristica/Reportes/Alg_Gen/rsc/img/funcion.png, id=121, 406.8801pt x 302.0886pt>
File: C:/Users/death/Documents/Maestria/MCIA/Semestre_2/Metaheuristica/Reportes/Alg_Gen/rsc/img/funcion.png Graphic file (type png)
<use C:/Users/death/Documents/Maestria/MCIA/Semestre_2/Metaheuristica/Reportes/Alg_Gen/rsc/img/funcion.png>
Package pdftex.def Info: C:/Users/death/Documents/Maestria/MCIA/Semestre_2/Metaheuristica/Reportes/Alg_Gen/rsc/img/funcion.png  used on input line 91.
(pdftex.def)             Requested size: 241.84843pt x 179.55824pt.
) (format/02_Desarrollo.tex

[3 <C:/Users/death/Documents/Maestria/MCIA/Semestre_2/Metaheuristica/Reportes/Alg_Gen/rsc/img/Diagrama.png> <C:/Users/death/Documents/Maestria/MCIA/Semestre_2/Metaheuristica/Reportes/Alg_Gen/rsc/img/funcion.png>]
<C:/Users/death/Documents/Maestria/MCIA/Semestre_2/Metaheuristica/Reportes/Alg_Gen/rsc/img/Des/Init_pob.png, id=132, 456.95718pt x 186.6975pt>
File: C:/Users/death/Documents/Maestria/MCIA/Semestre_2/Metaheuristica/Reportes/Alg_Gen/rsc/img/Des/Init_pob.png Graphic file (type png)
<use C:/Users/death/Documents/Maestria/MCIA/Semestre_2/Metaheuristica/Reportes/Alg_Gen/rsc/img/Des/Init_pob.png>
Package pdftex.def Info: C:/Users/death/Documents/Maestria/MCIA/Semestre_2/Metaheuristica/Reportes/Alg_Gen/rsc/img/Des/Init_pob.png  used on input line 19.
(pdftex.def)             Requested size: 314.40001pt x 128.45676pt.
<C:/Users/death/Documents/Maestria/MCIA/Semestre_2/Metaheuristica/Reportes/Alg_Gen/rsc/img/Des/Grupos_padres.png, id=133, 521.69907pt x 219.06844pt>
File: C:/Users/death/Documents/Maestria/MCIA/Semestre_2/Metaheuristica/Reportes/Alg_Gen/rsc/img/Des/Grupos_padres.png Graphic file (type png)
<use C:/Users/death/Documents/Maestria/MCIA/Semestre_2/Metaheuristica/Reportes/Alg_Gen/rsc/img/Des/Grupos_padres.png>
Package pdftex.def Info: C:/Users/death/Documents/Maestria/MCIA/Semestre_2/Metaheuristica/Reportes/Alg_Gen/rsc/img/Des/Grupos_padres.png  used on input line 33.
(pdftex.def)             Requested size: 314.40001pt x 132.02036pt.


[4 <C:/Users/death/Documents/Maestria/MCIA/Semestre_2/Metaheuristica/Reportes/Alg_Gen/rsc/img/Des/Init_pob.png>]
<C:/Users/death/Documents/Maestria/MCIA/Semestre_2/Metaheuristica/Reportes/Alg_Gen/rsc/img/Des/Rank.png, id=140, 119.69719pt x 177.66376pt>
File: C:/Users/death/Documents/Maestria/MCIA/Semestre_2/Metaheuristica/Reportes/Alg_Gen/rsc/img/Des/Rank.png Graphic file (type png)
<use C:/Users/death/Documents/Maestria/MCIA/Semestre_2/Metaheuristica/Reportes/Alg_Gen/rsc/img/Des/Rank.png>
Package pdftex.def Info: C:/Users/death/Documents/Maestria/MCIA/Semestre_2/Metaheuristica/Reportes/Alg_Gen/rsc/img/Des/Rank.png  used on input line 44.
(pdftex.def)             Requested size: 120.92421pt x 179.48505pt.
<C:/Users/death/Documents/Maestria/MCIA/Semestre_2/Metaheuristica/Reportes/Alg_Gen/rsc/img/Des/rank_gen.png, id=141, 412.54124pt x 124.0635pt>
File: C:/Users/death/Documents/Maestria/MCIA/Semestre_2/Metaheuristica/Reportes/Alg_Gen/rsc/img/Des/rank_gen.png Graphic file (type png)
<use C:/Users/death/Documents/Maestria/MCIA/Semestre_2/Metaheuristica/Reportes/Alg_Gen/rsc/img/Des/rank_gen.png>
Package pdftex.def Info: C:/Users/death/Documents/Maestria/MCIA/Semestre_2/Metaheuristica/Reportes/Alg_Gen/rsc/img/Des/rank_gen.png  used on input line 51.
(pdftex.def)             Requested size: 314.40001pt x 94.55046pt.


[5 <C:/Users/death/Documents/Maestria/MCIA/Semestre_2/Metaheuristica/Reportes/Alg_Gen/rsc/img/Des/Grupos_padres.png> <C:/Users/death/Documents/Maestria/MCIA/Semestre_2/Metaheuristica/Reportes/Alg_Gen/rsc/img/Des/Rank.png> <C:/Users/death/Documents/Maestria/MCIA/Semestre_2/Metaheuristica/Reportes/Alg_Gen/rsc/img/Des/rank_gen.png>]
<C:/Users/death/Documents/Maestria/MCIA/Semestre_2/Metaheuristica/Reportes/Alg_Gen/rsc/img/Des/tournament.png, id=153, 93.951pt x 209.583pt>
File: C:/Users/death/Documents/Maestria/MCIA/Semestre_2/Metaheuristica/Reportes/Alg_Gen/rsc/img/Des/tournament.png Graphic file (type png)
<use C:/Users/death/Documents/Maestria/MCIA/Semestre_2/Metaheuristica/Reportes/Alg_Gen/rsc/img/Des/tournament.png>
Package pdftex.def Info: C:/Users/death/Documents/Maestria/MCIA/Semestre_2/Metaheuristica/Reportes/Alg_Gen/rsc/img/Des/tournament.png  used on input line 62.
(pdftex.def)             Requested size: 120.92421pt x 269.76836pt.
<C:/Users/death/Documents/Maestria/MCIA/Semestre_2/Metaheuristica/Reportes/Alg_Gen/rsc/img/Des/tk_gen.png, id=154, 411.33675pt x 174.6525pt>
File: C:/Users/death/Documents/Maestria/MCIA/Semestre_2/Metaheuristica/Reportes/Alg_Gen/rsc/img/Des/tk_gen.png Graphic file (type png)
<use C:/Users/death/Documents/Maestria/MCIA/Semestre_2/Metaheuristica/Reportes/Alg_Gen/rsc/img/Des/tk_gen.png>
Package pdftex.def Info: C:/Users/death/Documents/Maestria/MCIA/Semestre_2/Metaheuristica/Reportes/Alg_Gen/rsc/img/Des/tk_gen.png  used on input line 69.
(pdftex.def)             Requested size: 314.40001pt x 133.49945pt.
<C:/Users/death/Documents/Maestria/MCIA/Semestre_2/Metaheuristica/Reportes/Alg_Gen/rsc/img/Des/gen1.png, id=155, 413.74574pt x 281.25075pt>
File: C:/Users/death/Documents/Maestria/MCIA/Semestre_2/Metaheuristica/Reportes/Alg_Gen/rsc/img/Des/gen1.png Graphic file (type png)
<use C:/Users/death/Documents/Maestria/MCIA/Semestre_2/Metaheuristica/Reportes/Alg_Gen/rsc/img/Des/gen1.png>
Package pdftex.def Info: C:/Users/death/Documents/Maestria/MCIA/Semestre_2/Metaheuristica/Reportes/Alg_Gen/rsc/img/Des/gen1.png  used on input line 80.
(pdftex.def)             Requested size: 314.40001pt x 213.73132pt.


[6 <C:/Users/death/Documents/Maestria/MCIA/Semestre_2/Metaheuristica/Reportes/Alg_Gen/rsc/img/Des/tournament.png> <C:/Users/death/Documents/Maestria/MCIA/Semestre_2/Metaheuristica/Reportes/Alg_Gen/rsc/img/Des/tk_gen.png>]
<C:/Users/death/Documents/Maestria/MCIA/Semestre_2/Metaheuristica/Reportes/Alg_Gen/rsc/img/Des/gen_f.png, id=164, 208.3785pt x 102.3825pt>
File: C:/Users/death/Documents/Maestria/MCIA/Semestre_2/Metaheuristica/Reportes/Alg_Gen/rsc/img/Des/gen_f.png Graphic file (type png)
<use C:/Users/death/Documents/Maestria/MCIA/Semestre_2/Metaheuristica/Reportes/Alg_Gen/rsc/img/Des/gen_f.png>
Package pdftex.def Info: C:/Users/death/Documents/Maestria/MCIA/Semestre_2/Metaheuristica/Reportes/Alg_Gen/rsc/img/Des/gen_f.png  used on input line 104.
(pdftex.def)             Requested size: 241.84843pt x 118.82782pt.
<C:/Users/death/Documents/Maestria/MCIA/Semestre_2/Metaheuristica/Reportes/Alg_Gen/rsc/img/Des/grafica.png, id=165, 416.2752pt x 312.2064pt>
File: C:/Users/death/Documents/Maestria/MCIA/Semestre_2/Metaheuristica/Reportes/Alg_Gen/rsc/img/Des/grafica.png Graphic file (type png)
<use C:/Users/death/Documents/Maestria/MCIA/Semestre_2/Metaheuristica/Reportes/Alg_Gen/rsc/img/Des/grafica.png>
Package pdftex.def Info: C:/Users/death/Documents/Maestria/MCIA/Semestre_2/Metaheuristica/Reportes/Alg_Gen/rsc/img/Des/grafica.png  used on input line 109.
(pdftex.def)             Requested size: 362.77264pt x 272.09377pt.


[7 <C:/Users/death/Documents/Maestria/MCIA/Semestre_2/Metaheuristica/Reportes/Alg_Gen/rsc/img/Des/gen1.png>]
<C:/Users/death/Documents/Maestria/MCIA/Semestre_2/Metaheuristica/Reportes/Alg_Gen/rsc/img/Des/aptitud.png, id=172, 409.7709pt x 328.8285pt>
File: C:/Users/death/Documents/Maestria/MCIA/Semestre_2/Metaheuristica/Reportes/Alg_Gen/rsc/img/Des/aptitud.png Graphic file (type png)
<use C:/Users/death/Documents/Maestria/MCIA/Semestre_2/Metaheuristica/Reportes/Alg_Gen/rsc/img/Des/aptitud.png>
Package pdftex.def Info: C:/Users/death/Documents/Maestria/MCIA/Semestre_2/Metaheuristica/Reportes/Alg_Gen/rsc/img/Des/aptitud.png  used on input line 117.
(pdftex.def)             Requested size: 362.77264pt x 291.1261pt.


[8 <C:/Users/death/Documents/Maestria/MCIA/Semestre_2/Metaheuristica/Reportes/Alg_Gen/rsc/img/Des/gen_f.png> <C:/Users/death/Documents/Maestria/MCIA/Semestre_2/Metaheuristica/Reportes/Alg_Gen/rsc/img/Des/grafica.png>]
<C:/Users/death/Documents/Maestria/MCIA/Semestre_2/Metaheuristica/Reportes/Alg_Gen/rsc/img/Des/gen2.png, id=181, 416.2752pt x 312.2064pt>
File: C:/Users/death/Documents/Maestria/MCIA/Semestre_2/Metaheuristica/Reportes/Alg_Gen/rsc/img/Des/gen2.png Graphic file (type png)
<use C:/Users/death/Documents/Maestria/MCIA/Semestre_2/Metaheuristica/Reportes/Alg_Gen/rsc/img/Des/gen2.png>
Package pdftex.def Info: C:/Users/death/Documents/Maestria/MCIA/Semestre_2/Metaheuristica/Reportes/Alg_Gen/rsc/img/Des/gen2.png  used on input line 137.
(pdftex.def)             Requested size: 314.40001pt x 235.81206pt.
) (format/03_Resultados.tex

[9 <C:/Users/death/Documents/Maestria/MCIA/Semestre_2/Metaheuristica/Reportes/Alg_Gen/rsc/img/Des/aptitud.png>]) (format/04_Discusion.tex

[10 <C:/Users/death/Documents/Maestria/MCIA/Semestre_2/Metaheuristica/Reportes/Alg_Gen/rsc/img/Des/gen2.png>]) (format/05_Conclusion.tex)

[11] (format/06_Bibliografia.tex)

[12

] (c:\Users\death\Documents\Maestria\MCIA\Semestre_2\Metaheuristica\Reportes\Alg_Gen\build\main.aux
LaTeX Info: Redefining \sptext on input line 12.
LaTeX Info: Redefining \. on input line 12.
LaTeX Info: Redefining \% on input line 12.
)
 ***********
LaTeX2e <2025-06-01> patch level 1
L3 programming layer <2025-07-20>
 ***********
Package rerunfilecheck Info: File `main.out' has not changed.
(rerunfilecheck)             Checksum: D1E061C574230F4D9C9E996AC74B0C57;2641.
Package logreq Info: Writing requests to 'main.run.xml'.
\openout1 = `main.run.xml'.

 ) 
Here is how much of TeX's memory you used:
 28989 strings out of 468134
 589108 string characters out of 5430740
 1389264 words of memory out of 5000000
 57252 multiletter control sequences out of 15000+600000
 634579 words of font info for 68 fonts, out of 8000000 for 9000
 1141 hyphenation exceptions out of 8191
 70i,7n,85p,775b,1851s stack positions out of 10000i,1000n,20000p,200000b,200000s
 <C:\Users\death\AppData\Local\MiKTeX\fonts/pk/ljfour/jknappen/ec/dpi600\tcrm1200.pk><C:/Users/death/AppData/Local/Programs/MiKTeX/fonts/type1/public/amsfonts/cm/cmbx12.pfb><C:/Users/death/AppData/Local/Programs/MiKTeX/fonts/type1/public/amsfonts/cm/cmcsc10.pfb><C:/Users/death/AppData/Local/Programs/MiKTeX/fonts/type1/public/amsfonts/cm/cmmi12.pfb><C:/Users/death/AppData/Local/Programs/MiKTeX/fonts/type1/public/amsfonts/cm/cmr12.pfb><C:/Users/death/AppData/Local/Programs/MiKTeX/fonts/type1/public/amsfonts/cm/cmr8.pfb><C:/Users/death/AppData/Local/Programs/MiKTeX/fonts/type1/public/amsfonts/cm/cmsy10.pfb><C:/Users/death/AppData/Local/Programs/MiKTeX/fonts/type1/public/amsfonts/cm/cmti12.pfb>
Output written on c:\Users\death\Documents\Maestria\MCIA\Semestre_2\Metaheuristica\Reportes\Alg_Gen\build\main.pdf (14 pages, 601894 bytes).
PDF statistics:
 256 PDF objects out of 1000 (max. 8388607)
 48 named destinations out of 1000 (max. 500000)
 217 words of extra memory for PDF output out of 10000 (max. 10000000)

